----------------------------------------------------------------
Thu Feb 04 13:13:43 IST 2021:
Booting Derby version The Apache Software Foundation - Apache Derby - 10.14.2.0 - (1828579): instance a816c00e-0177-6bff-2c11-000000e69de8 
on database directory memory:C:\Users\Sumbul\Documents\workspace-spring-tool-suite-4-4.9.0.RELEASE\RESTDemoJPADerby2\c49a0d02-d9bc-423d-ad95-7b5129b29732 with class loader jdk.internal.loader.ClassLoaders$AppClassLoader@4b85612c 
Loaded from file:/C:/Users/Sumbul/.m2/repository/org/apache/derby/derby/10.14.2.0/derby-10.14.2.0.jar
java.vendor=Oracle Corporation
java.runtime.version=15.0.1+9-18
user.dir=C:\Users\Sumbul\Documents\workspace-spring-tool-suite-4-4.9.0.RELEASE\RESTDemoJPADerby2
os.name=Windows 10
os.arch=amd64
os.version=10.0
derby.system.home=null
Database Class Loader started - derby.database.classpath=''
----------------------------------------------------------------
Thu Feb 04 13:21:47 IST 2021:
Shutting down instance a816c00e-0177-6bff-2c11-000000e69de8 on database directory memory:C:\Users\Sumbul\Documents\workspace-spring-tool-suite-4-4.9.0.RELEASE\RESTDemoJPADerby2\c49a0d02-d9bc-423d-ad95-7b5129b29732 with class loader jdk.internal.loader.ClassLoaders$AppClassLoader@4b85612c 
----------------------------------------------------------------
Thu Feb 04 13:25:47 IST 2021:
Booting Derby version The Apache Software Foundation - Apache Derby - 10.14.2.0 - (1828579): instance 5bd340ca-0177-6bff-2c11-000000e69de8 
on database directory memory:C:\Users\Sumbul\Documents\workspace-spring-tool-suite-4-4.9.0.RELEASE\RESTDemoJPADerby2\42ee8486-c6fc-492b-a45c-e7cad1f5c047 with class loader jdk.internal.loader.ClassLoaders$AppClassLoader@4b85612c 
Loaded from file:/C:/Users/Sumbul/.m2/repository/org/apache/derby/derby/10.14.2.0/derby-10.14.2.0.jar
java.vendor=Oracle Corporation
java.runtime.version=15.0.1+9-18
user.dir=C:\Users\Sumbul\Documents\workspace-spring-tool-suite-4-4.9.0.RELEASE\RESTDemoJPADerby2
os.name=Windows 10
os.arch=amd64
os.version=10.0
derby.system.home=null
Database Class Loader started - derby.database.classpath=''
----------------------------------------------------------------
Thu Feb 04 13:26:00 IST 2021:
Shutting down instance 5bd340ca-0177-6bff-2c11-000000e69de8 on database directory memory:C:\Users\Sumbul\Documents\workspace-spring-tool-suite-4-4.9.0.RELEASE\RESTDemoJPADerby2\42ee8486-c6fc-492b-a45c-e7cad1f5c047 with class loader jdk.internal.loader.ClassLoaders$AppClassLoader@4b85612c 
----------------------------------------------------------------
Thu Feb 04 13:29:29 IST 2021:
Booting Derby version The Apache Software Foundation - Apache Derby - 10.14.2.0 - (1828579): instance e93ac16e-0177-6bff-2c11-000000e69de8 
on database directory memory:C:\Users\Sumbul\Documents\workspace-spring-tool-suite-4-4.9.0.RELEASE\RESTDemoJPADerby2\cd8315e4-c5c9-44ad-b6c8-22f369061033 with class loader jdk.internal.loader.ClassLoaders$AppClassLoader@4b85612c 
Loaded from file:/C:/Users/Sumbul/.m2/repository/org/apache/derby/derby/10.14.2.0/derby-10.14.2.0.jar
java.vendor=Oracle Corporation
java.runtime.version=15.0.1+9-18
user.dir=C:\Users\Sumbul\Documents\workspace-spring-tool-suite-4-4.9.0.RELEASE\RESTDemoJPADerby2
os.name=Windows 10
os.arch=amd64
os.version=10.0
derby.system.home=null
Database Class Loader started - derby.database.classpath=''
----------------------------------------------------------------
Thu Feb 04 13:29:34 IST 2021:
Shutting down instance e93ac16e-0177-6bff-2c11-000000e69de8 on database directory memory:C:\Users\Sumbul\Documents\workspace-spring-tool-suite-4-4.9.0.RELEASE\RESTDemoJPADerby2\cd8315e4-c5c9-44ad-b6c8-22f369061033 with class loader jdk.internal.loader.ClassLoaders$AppClassLoader@4b85612c 
